<?xml version="1.0" encoding="UTF-8"?>
<testng-results skipped="0" failed="1" total="2" passed="1">
  <reporter-output>
  </reporter-output>
  <suite name="Default suite" duration-ms="18089" started-at="2019-02-02T15:46:05Z" finished-at="2019-02-02T15:46:23Z">
    <groups>
      <group name="cucumber">
        <method signature="AbstractTestNGCucumberTests.feature(cucumber.api.testng.CucumberFeatureWrapper)[pri:0, instance:runner.MainRunner@10bdf5e5]" name="feature" class="cucumber.api.testng.AbstractTestNGCucumberTests"/>
      </group> <!-- cucumber -->
    </groups>
    <test name="Default test" duration-ms="18089" started-at="2019-02-02T15:46:05Z" finished-at="2019-02-02T15:46:23Z">
      <class name="runner.MainRunner">
        <test-method status="PASS" signature="setUpClass()[pri:0, instance:runner.MainRunner@10bdf5e5]" name="setUpClass" is-config="true" duration-ms="275" started-at="2019-02-02T21:16:05Z" finished-at="2019-02-02T21:16:05Z">
          <reporter-output>
          </reporter-output>
        </test-method> <!-- setUpClass -->
        <test-method status="FAIL" signature="feature(cucumber.api.testng.CucumberFeatureWrapper)[pri:0, instance:runner.MainRunner@10bdf5e5]" name="feature" duration-ms="9312" started-at="2019-02-02T21:16:05Z" description="Runs Cucumber Feature" data-provider="features" finished-at="2019-02-02T21:16:14Z">
          <params>
            <param index="0">
              <value>
                <![CDATA[Submit data to webdriveruniversity using contact us form]]>
              </value>
            </param>
          </params>
          <exception class="cucumber.runtime.CucumberException">
            <message>
              <![CDATA[org.junit.ComparisonFailure: expected:<...nkyouforyourmessage![hhh]> but was:<...nkyouforyourmessage![]>]]>
            </message>
            <full-stacktrace>
              <![CDATA[cucumber.runtime.CucumberException: org.junit.ComparisonFailure: expected:<...nkyouforyourmessage![hhh]> but was:<...nkyouforyourmessage![]>
	at cucumber.api.testng.TestNGCucumberRunner.runCucumber(TestNGCucumberRunner.java:69)
	at cucumber.api.testng.AbstractTestNGCucumberTests.feature(AbstractTestNGCucumberTests.java:21)
	at sun.reflect.NativeMethodAccessorImpl.invoke0(Native Method)
	at sun.reflect.NativeMethodAccessorImpl.invoke(Unknown Source)
	at sun.reflect.DelegatingMethodAccessorImpl.invoke(Unknown Source)
	at java.lang.reflect.Method.invoke(Unknown Source)
	at org.testng.internal.MethodInvocationHelper.invokeMethod(MethodInvocationHelper.java:86)
	at org.testng.internal.Invoker.invokeMethod(Invoker.java:643)
	at org.testng.internal.Invoker.invokeTestMethod(Invoker.java:820)
	at org.testng.internal.Invoker.invokeTestMethods(Invoker.java:1128)
	at org.testng.internal.TestMethodWorker.invokeTestMethods(TestMethodWorker.java:129)
	at org.testng.internal.TestMethodWorker.run(TestMethodWorker.java:112)
	at org.testng.TestRunner.privateRun(TestRunner.java:782)
	at org.testng.TestRunner.run(TestRunner.java:632)
	at org.testng.SuiteRunner.runTest(SuiteRunner.java:366)
	at org.testng.SuiteRunner.runSequentially(SuiteRunner.java:361)
	at org.testng.SuiteRunner.privateRun(SuiteRunner.java:319)
	at org.testng.SuiteRunner.run(SuiteRunner.java:268)
	at org.testng.SuiteRunnerWorker.runSuite(SuiteRunnerWorker.java:52)
	at org.testng.SuiteRunnerWorker.run(SuiteRunnerWorker.java:86)
	at org.testng.TestNG.runSuitesSequentially(TestNG.java:1244)
	at org.testng.TestNG.runSuitesLocally(TestNG.java:1169)
	at org.testng.TestNG.run(TestNG.java:1064)
	at org.testng.remote.AbstractRemoteTestNG.run(AbstractRemoteTestNG.java:114)
	at org.testng.remote.RemoteTestNG.initAndRun(RemoteTestNG.java:251)
	at org.testng.remote.RemoteTestNG.main(RemoteTestNG.java:77)
Caused by: org.junit.ComparisonFailure: expected:<...nkyouforyourmessage![hhh]> but was:<...nkyouforyourmessage![]>
	at org.junit.Assert.assertEquals(Assert.java:115)
	at org.junit.Assert.assertEquals(Assert.java:144)
	at pageObjects.ContactUs_Page.ConfirmContactUsSubmissionWasSuccesfull(ContactUs_Page.java:61)
	at stepsDefinition.ContactUsSteps.the_information_should_saved_succesfully_to_contact_us_form(ContactUsSteps.java:46)
	at ✽.Then The information should saved succesfully to contact us form.(contactUS.feature:12)
]]>
            </full-stacktrace>
          </exception> <!-- cucumber.runtime.CucumberException -->
          <reporter-output>
          </reporter-output>
        </test-method> <!-- feature -->
        <test-method status="PASS" signature="feature(cucumber.api.testng.CucumberFeatureWrapper)[pri:0, instance:runner.MainRunner@10bdf5e5]" name="feature" duration-ms="7873" started-at="2019-02-02T21:16:14Z" description="Runs Cucumber Feature" data-provider="features" finished-at="2019-02-02T21:16:22Z">
          <params>
            <param index="0">
              <value>
                <![CDATA[products]]>
              </value>
            </param>
          </params>
          <reporter-output>
          </reporter-output>
        </test-method> <!-- feature -->
        <test-method status="PASS" signature="writeExtension()[pri:0, instance:runner.MainRunner@10bdf5e5]" name="writeExtension" is-config="true" duration-ms="177" started-at="2019-02-02T21:16:22Z" finished-at="2019-02-02T21:16:22Z">
          <reporter-output>
          </reporter-output>
        </test-method> <!-- writeExtension -->
        <test-method status="PASS" signature="tearDownClass()[pri:0, instance:runner.MainRunner@10bdf5e5]" name="tearDownClass" is-config="true" duration-ms="347" started-at="2019-02-02T21:16:22Z" finished-at="2019-02-02T21:16:23Z">
          <reporter-output>
          </reporter-output>
        </test-method> <!-- tearDownClass -->
      </class> <!-- runner.MainRunner -->
    </test> <!-- Default test -->
  </suite> <!-- Default suite -->
</testng-results>
